gcc -D_FORTIFY_SOURCE=2 -D_GNU_SOURCE -D_FILE_OFFSET_BITS=64 -D_LARGEFILE_SOURCE -Wstrict-prototypes -Wredundant-decls -Wall -Wundef -Wwrite-strings -Wmissing-prototypes -fno-strict-aliasing -c -o /tmp/qemu-conf--18840-.o /tmp/qemu-conf--18840-.c
/tmp/qemu-conf--18840-.c:2:2: error: #error Not defined
 #error Not defined
  ^
gcc -D_FORTIFY_SOURCE=2 -D_GNU_SOURCE -D_FILE_OFFSET_BITS=64 -D_LARGEFILE_SOURCE -Wstrict-prototypes -Wredundant-decls -Wall -Wundef -Wwrite-strings -Wmissing-prototypes -fno-strict-aliasing -c -o /tmp/qemu-conf--18840-.o /tmp/qemu-conf--18840-.c
gcc -D_FORTIFY_SOURCE=2 -D_GNU_SOURCE -D_FILE_OFFSET_BITS=64 -D_LARGEFILE_SOURCE -Wstrict-prototypes -Wredundant-decls -Wall -Wundef -Wwrite-strings -Wmissing-prototypes -fno-strict-aliasing -c -o /tmp/qemu-conf--18840-.o /tmp/qemu-conf--18840-.c
gcc -m64 -D_FORTIFY_SOURCE=2 -D_GNU_SOURCE -D_FILE_OFFSET_BITS=64 -D_LARGEFILE_SOURCE -Wstrict-prototypes -Wredundant-decls -Wall -Wundef -Wwrite-strings -Wmissing-prototypes -fno-strict-aliasing -c -o /tmp/qemu-conf--18840-.o /tmp/qemu-conf--18840-.c
/tmp/qemu-conf--18840-.c: In function ‘main’:
/tmp/qemu-conf--18840-.c:1:1: warning: control reaches end of non-void function [-Wreturn-type]
 int main(void) {}
 ^
gcc -m64 -D_FORTIFY_SOURCE=2 -D_GNU_SOURCE -D_FILE_OFFSET_BITS=64 -D_LARGEFILE_SOURCE -Wstrict-prototypes -Wredundant-decls -Wall -Wundef -Wwrite-strings -Wmissing-prototypes -fno-strict-aliasing -fstack-protector-all -Werror -o /tmp/qemu-conf--18840-.exe /tmp/qemu-conf--18840-.c -m64 -rdynamic
gcc -m64 -D_FORTIFY_SOURCE=2 -D_GNU_SOURCE -D_FILE_OFFSET_BITS=64 -D_LARGEFILE_SOURCE -Wstrict-prototypes -Wredundant-decls -Wall -Wundef -Wwrite-strings -Wmissing-prototypes -fno-strict-aliasing -fstack-protector-all -Wendif-labels -Werror -o /tmp/qemu-conf--18840-.exe /tmp/qemu-conf--18840-.c -m64 -rdynamic
gcc -m64 -D_FORTIFY_SOURCE=2 -D_GNU_SOURCE -D_FILE_OFFSET_BITS=64 -D_LARGEFILE_SOURCE -Wstrict-prototypes -Wredundant-decls -Wall -Wundef -Wwrite-strings -Wmissing-prototypes -fno-strict-aliasing -fstack-protector-all -Wendif-labels -Wmissing-include-dirs -Werror -o /tmp/qemu-conf--18840-.exe /tmp/qemu-conf--18840-.c -m64 -rdynamic
gcc -m64 -D_FORTIFY_SOURCE=2 -D_GNU_SOURCE -D_FILE_OFFSET_BITS=64 -D_LARGEFILE_SOURCE -Wstrict-prototypes -Wredundant-decls -Wall -Wundef -Wwrite-strings -Wmissing-prototypes -fno-strict-aliasing -fstack-protector-all -Wendif-labels -Wmissing-include-dirs -Wempty-body -Werror -o /tmp/qemu-conf--18840-.exe /tmp/qemu-conf--18840-.c -m64 -rdynamic
gcc -m64 -D_FORTIFY_SOURCE=2 -D_GNU_SOURCE -D_FILE_OFFSET_BITS=64 -D_LARGEFILE_SOURCE -Wstrict-prototypes -Wredundant-decls -Wall -Wundef -Wwrite-strings -Wmissing-prototypes -fno-strict-aliasing -fstack-protector-all -Wendif-labels -Wmissing-include-dirs -Wempty-body -Wnested-externs -Werror -o /tmp/qemu-conf--18840-.exe /tmp/qemu-conf--18840-.c -m64 -rdynamic
gcc -m64 -D_FORTIFY_SOURCE=2 -D_GNU_SOURCE -D_FILE_OFFSET_BITS=64 -D_LARGEFILE_SOURCE -Wstrict-prototypes -Wredundant-decls -Wall -Wundef -Wwrite-strings -Wmissing-prototypes -fno-strict-aliasing -fstack-protector-all -Wendif-labels -Wmissing-include-dirs -Wempty-body -Wnested-externs -Wformat-security -Werror -o /tmp/qemu-conf--18840-.exe /tmp/qemu-conf--18840-.c -m64 -rdynamic
gcc -m64 -D_FORTIFY_SOURCE=2 -D_GNU_SOURCE -D_FILE_OFFSET_BITS=64 -D_LARGEFILE_SOURCE -Wstrict-prototypes -Wredundant-decls -Wall -Wundef -Wwrite-strings -Wmissing-prototypes -fno-strict-aliasing -fstack-protector-all -Wendif-labels -Wmissing-include-dirs -Wempty-body -Wnested-externs -Wformat-security -Wformat-y2k -Werror -o /tmp/qemu-conf--18840-.exe /tmp/qemu-conf--18840-.c -m64 -rdynamic
gcc -m64 -D_FORTIFY_SOURCE=2 -D_GNU_SOURCE -D_FILE_OFFSET_BITS=64 -D_LARGEFILE_SOURCE -Wstrict-prototypes -Wredundant-decls -Wall -Wundef -Wwrite-strings -Wmissing-prototypes -fno-strict-aliasing -fstack-protector-all -Wendif-labels -Wmissing-include-dirs -Wempty-body -Wnested-externs -Wformat-security -Wformat-y2k -Winit-self -Werror -o /tmp/qemu-conf--18840-.exe /tmp/qemu-conf--18840-.c -m64 -rdynamic
gcc -m64 -D_FORTIFY_SOURCE=2 -D_GNU_SOURCE -D_FILE_OFFSET_BITS=64 -D_LARGEFILE_SOURCE -Wstrict-prototypes -Wredundant-decls -Wall -Wundef -Wwrite-strings -Wmissing-prototypes -fno-strict-aliasing -fstack-protector-all -Wendif-labels -Wmissing-include-dirs -Wempty-body -Wnested-externs -Wformat-security -Wformat-y2k -Winit-self -Wignored-qualifiers -Werror -o /tmp/qemu-conf--18840-.exe /tmp/qemu-conf--18840-.c -m64 -rdynamic
gcc -m64 -D_FORTIFY_SOURCE=2 -D_GNU_SOURCE -D_FILE_OFFSET_BITS=64 -D_LARGEFILE_SOURCE -Wstrict-prototypes -Wredundant-decls -Wall -Wundef -Wwrite-strings -Wmissing-prototypes -fno-strict-aliasing -fstack-protector-all -Wendif-labels -Wmissing-include-dirs -Wempty-body -Wnested-externs -Wformat-security -Wformat-y2k -Winit-self -Wignored-qualifiers -Wold-style-declaration -Werror -o /tmp/qemu-conf--18840-.exe /tmp/qemu-conf--18840-.c -m64 -rdynamic
gcc -m64 -D_FORTIFY_SOURCE=2 -D_GNU_SOURCE -D_FILE_OFFSET_BITS=64 -D_LARGEFILE_SOURCE -Wstrict-prototypes -Wredundant-decls -Wall -Wundef -Wwrite-strings -Wmissing-prototypes -fno-strict-aliasing -fstack-protector-all -Wendif-labels -Wmissing-include-dirs -Wempty-body -Wnested-externs -Wformat-security -Wformat-y2k -Winit-self -Wignored-qualifiers -Wold-style-declaration -Wold-style-definition -Werror -o /tmp/qemu-conf--18840-.exe /tmp/qemu-conf--18840-.c -m64 -rdynamic
gcc -m64 -D_FORTIFY_SOURCE=2 -D_GNU_SOURCE -D_FILE_OFFSET_BITS=64 -D_LARGEFILE_SOURCE -Wstrict-prototypes -Wredundant-decls -Wall -Wundef -Wwrite-strings -Wmissing-prototypes -fno-strict-aliasing -fstack-protector-all -Wendif-labels -Wmissing-include-dirs -Wempty-body -Wnested-externs -Wformat-security -Wformat-y2k -Winit-self -Wignored-qualifiers -Wold-style-declaration -Wold-style-definition -Wtype-limits -Werror -o /tmp/qemu-conf--18840-.exe /tmp/qemu-conf--18840-.c -m64 -rdynamic
gcc -m64 -D_FORTIFY_SOURCE=2 -D_GNU_SOURCE -D_FILE_OFFSET_BITS=64 -D_LARGEFILE_SOURCE -Wstrict-prototypes -Wredundant-decls -Wall -Wundef -Wwrite-strings -Wmissing-prototypes -fno-strict-aliasing -fstack-protector-all -Wendif-labels -Wmissing-include-dirs -Wempty-body -Wnested-externs -Wformat-security -Wformat-y2k -Winit-self -Wignored-qualifiers -Wold-style-declaration -Wold-style-definition -Wtype-limits -Wtype-limits -Werror -o /tmp/qemu-conf--18840-.exe /tmp/qemu-conf--18840-.c -m64 -rdynamic
gcc -m64 -D_FORTIFY_SOURCE=2 -D_GNU_SOURCE -D_FILE_OFFSET_BITS=64 -D_LARGEFILE_SOURCE -Wstrict-prototypes -Wredundant-decls -Wall -Wundef -Wwrite-strings -Wmissing-prototypes -fno-strict-aliasing -fstack-protector-all -Wendif-labels -Wmissing-include-dirs -Wempty-body -Wnested-externs -Wformat-security -Wformat-y2k -Winit-self -Wignored-qualifiers -Wold-style-declaration -Wold-style-definition -Wtype-limits -Wformat-security -Werror -o /tmp/qemu-conf--18840-.exe /tmp/qemu-conf--18840-.c -m64 -rdynamic
gcc -m64 -D_FORTIFY_SOURCE=2 -D_GNU_SOURCE -D_FILE_OFFSET_BITS=64 -D_LARGEFILE_SOURCE -Wstrict-prototypes -Wredundant-decls -Wall -Wundef -Wwrite-strings -Wmissing-prototypes -fno-strict-aliasing -fstack-protector-all -Wendif-labels -Wmissing-include-dirs -Wempty-body -Wnested-externs -Wformat-security -Wformat-y2k -Winit-self -Wignored-qualifiers -Wold-style-declaration -Wold-style-definition -Wtype-limits -Wformat-y2k -Werror -o /tmp/qemu-conf--18840-.exe /tmp/qemu-conf--18840-.c -m64 -rdynamic
gcc -m64 -D_FORTIFY_SOURCE=2 -D_GNU_SOURCE -D_FILE_OFFSET_BITS=64 -D_LARGEFILE_SOURCE -Wstrict-prototypes -Wredundant-decls -Wall -Wundef -Wwrite-strings -Wmissing-prototypes -fno-strict-aliasing -fstack-protector-all -Wendif-labels -Wmissing-include-dirs -Wempty-body -Wnested-externs -Wformat-security -Wformat-y2k -Winit-self -Wignored-qualifiers -Wold-style-declaration -Wold-style-definition -Wtype-limits -Winit-self -Werror -o /tmp/qemu-conf--18840-.exe /tmp/qemu-conf--18840-.c -m64 -rdynamic
gcc -m64 -D_FORTIFY_SOURCE=2 -D_GNU_SOURCE -D_FILE_OFFSET_BITS=64 -D_LARGEFILE_SOURCE -Wstrict-prototypes -Wredundant-decls -Wall -Wundef -Wwrite-strings -Wmissing-prototypes -fno-strict-aliasing -fstack-protector-all -Wendif-labels -Wmissing-include-dirs -Wempty-body -Wnested-externs -Wformat-security -Wformat-y2k -Winit-self -Wignored-qualifiers -Wold-style-declaration -Wold-style-definition -Wtype-limits -Wignored-qualifiers -Werror -o /tmp/qemu-conf--18840-.exe /tmp/qemu-conf--18840-.c -m64 -rdynamic
gcc -m64 -D_FORTIFY_SOURCE=2 -D_GNU_SOURCE -D_FILE_OFFSET_BITS=64 -D_LARGEFILE_SOURCE -Wstrict-prototypes -Wredundant-decls -Wall -Wundef -Wwrite-strings -Wmissing-prototypes -fno-strict-aliasing -fstack-protector-all -Wendif-labels -Wmissing-include-dirs -Wempty-body -Wnested-externs -Wformat-security -Wformat-y2k -Winit-self -Wignored-qualifiers -Wold-style-declaration -Wold-style-definition -Wtype-limits -Wmissing-include-dirs -Werror -o /tmp/qemu-conf--18840-.exe /tmp/qemu-conf--18840-.c -m64 -rdynamic
gcc -m64 -D_FORTIFY_SOURCE=2 -D_GNU_SOURCE -D_FILE_OFFSET_BITS=64 -D_LARGEFILE_SOURCE -Wstrict-prototypes -Wredundant-decls -Wall -Wundef -Wwrite-strings -Wmissing-prototypes -fno-strict-aliasing -fstack-protector-all -Wendif-labels -Wmissing-include-dirs -Wempty-body -Wnested-externs -Wformat-security -Wformat-y2k -Winit-self -Wignored-qualifiers -Wold-style-declaration -Wold-style-definition -Wtype-limits -Wempty-body -Werror -o /tmp/qemu-conf--18840-.exe /tmp/qemu-conf--18840-.c -m64 -rdynamic
gcc -m64 -D_FORTIFY_SOURCE=2 -D_GNU_SOURCE -D_FILE_OFFSET_BITS=64 -D_LARGEFILE_SOURCE -Wstrict-prototypes -Wredundant-decls -Wall -Wundef -Wwrite-strings -Wmissing-prototypes -fno-strict-aliasing -fstack-protector-all -Wendif-labels -Wmissing-include-dirs -Wempty-body -Wnested-externs -Wformat-security -Wformat-y2k -Winit-self -Wignored-qualifiers -Wold-style-declaration -Wold-style-definition -Wtype-limits -fstack-protector-all -Werror -o /tmp/qemu-conf--18840-.exe /tmp/qemu-conf--18840-.c -m64 -rdynamic
gcc -m64 -D_FORTIFY_SOURCE=2 -D_GNU_SOURCE -D_FILE_OFFSET_BITS=64 -D_LARGEFILE_SOURCE -Wstrict-prototypes -Wredundant-decls -Wall -Wundef -Wwrite-strings -Wmissing-prototypes -fno-strict-aliasing -fstack-protector-all -Wendif-labels -Wmissing-include-dirs -Wempty-body -Wnested-externs -Wformat-security -Wformat-y2k -Winit-self -Wignored-qualifiers -Wold-style-declaration -Wold-style-definition -Wtype-limits -Wendif-labels -Werror -o /tmp/qemu-conf--18840-.exe /tmp/qemu-conf--18840-.c -m64 -rdynamic
gcc -m64 -D_FORTIFY_SOURCE=2 -D_GNU_SOURCE -D_FILE_OFFSET_BITS=64 -D_LARGEFILE_SOURCE -Wstrict-prototypes -Wredundant-decls -Wall -Wundef -Wwrite-strings -Wmissing-prototypes -fno-strict-aliasing -fstack-protector-all -Wendif-labels -Wmissing-include-dirs -Wempty-body -Wnested-externs -Wformat-security -Wformat-y2k -Winit-self -Wignored-qualifiers -Wold-style-declaration -Wold-style-definition -Wtype-limits -fPIE -DPIE -o /tmp/qemu-conf--18840-.exe /tmp/qemu-conf--18840-.c -m64 -rdynamic -pie
gcc -fPIE -DPIE -m64 -D_FORTIFY_SOURCE=2 -D_GNU_SOURCE -D_FILE_OFFSET_BITS=64 -D_LARGEFILE_SOURCE -Wstrict-prototypes -Wredundant-decls -Wall -Wundef -Wwrite-strings -Wmissing-prototypes -fno-strict-aliasing -fstack-protector-all -Wendif-labels -Wmissing-include-dirs -Wempty-body -Wnested-externs -Wformat-security -Wformat-y2k -Winit-self -Wignored-qualifiers -Wold-style-declaration -Wold-style-definition -Wtype-limits -o /tmp/qemu-conf--18840-.exe /tmp/qemu-conf--18840-.c -pie -m64 -rdynamic -Wl,-z,relro -Wl,-z,now
gcc -fPIE -DPIE -m64 -D_FORTIFY_SOURCE=2 -D_GNU_SOURCE -D_FILE_OFFSET_BITS=64 -D_LARGEFILE_SOURCE -Wstrict-prototypes -Wredundant-decls -Wall -Wundef -Wwrite-strings -Wmissing-prototypes -fno-strict-aliasing -fstack-protector-all -Wendif-labels -Wmissing-include-dirs -Wempty-body -Wnested-externs -Wformat-security -Wformat-y2k -Winit-self -Wignored-qualifiers -Wold-style-declaration -Wold-style-definition -Wtype-limits -o /tmp/qemu-conf--18840-.exe /tmp/qemu-conf--18840-.c -Wl,-z,relro -Wl,-z,now -pie -m64 -rdynamic
gcc -fPIE -DPIE -m64 -D_FORTIFY_SOURCE=2 -D_GNU_SOURCE -D_FILE_OFFSET_BITS=64 -D_LARGEFILE_SOURCE -Wstrict-prototypes -Wredundant-decls -Wall -Wundef -Wwrite-strings -Wmissing-prototypes -fno-strict-aliasing -fstack-protector-all -Wendif-labels -Wmissing-include-dirs -Wempty-body -Wnested-externs -Wformat-security -Wformat-y2k -Winit-self -Wignored-qualifiers -Wold-style-declaration -Wold-style-definition -Wtype-limits -c -o /tmp/qemu-conf--18840-.o /tmp/qemu-conf--18840-.c
gcc -fPIE -DPIE -m64 -D_FORTIFY_SOURCE=2 -D_GNU_SOURCE -D_FILE_OFFSET_BITS=64 -D_LARGEFILE_SOURCE -Wstrict-prototypes -Wredundant-decls -Wall -Wundef -Wwrite-strings -Wmissing-prototypes -fno-strict-aliasing -fstack-protector-all -Wendif-labels -Wmissing-include-dirs -Wempty-body -Wnested-externs -Wformat-security -Wformat-y2k -Winit-self -Wignored-qualifiers -Wold-style-declaration -Wold-style-definition -Wtype-limits -c -o /tmp/qemu-conf--18840-.o /tmp/qemu-conf--18840-.c
/tmp/qemu-conf--18840-.c:3:6: warning: function declaration isn’t a prototype [-Wstrict-prototypes]
 void foo()
      ^
/tmp/qemu-conf--18840-.c: In function ‘foo’:
/tmp/qemu-conf--18840-.c:3:6: warning: old-style function definition [-Wold-style-definition]
gcc -fPIE -DPIE -m64 -D_FORTIFY_SOURCE=2 -D_GNU_SOURCE -D_FILE_OFFSET_BITS=64 -D_LARGEFILE_SOURCE -Wstrict-prototypes -Wredundant-decls -Wall -Wundef -Wwrite-strings -Wmissing-prototypes -fno-strict-aliasing -fstack-protector-all -Wendif-labels -Wmissing-include-dirs -Wempty-body -Wnested-externs -Wformat-security -Wformat-y2k -Winit-self -Wignored-qualifiers -Wold-style-declaration -Wold-style-definition -Wtype-limits -o /tmp/qemu-conf--18840-.exe /tmp/qemu-conf--18840-.c -Wl,-z,relro -Wl,-z,now -pie -m64 -rdynamic -lz
gcc -fPIE -DPIE -m64 -D_FORTIFY_SOURCE=2 -D_GNU_SOURCE -D_FILE_OFFSET_BITS=64 -D_LARGEFILE_SOURCE -Wstrict-prototypes -Wredundant-decls -Wall -Wundef -Wwrite-strings -Wmissing-prototypes -fno-strict-aliasing -fstack-protector-all -Wendif-labels -Wmissing-include-dirs -Wempty-body -Wnested-externs -Wformat-security -Wformat-y2k -Winit-self -Wignored-qualifiers -Wold-style-declaration -Wold-style-definition -Wtype-limits -D_GNU_SOURCE=1 -D_REENTRANT -I/usr/include/SDL -o /tmp/qemu-conf--18840-.exe /tmp/qemu-conf--18840-.c -Wl,-z,relro -Wl,-z,now -pie -m64 -rdynamic -lSDL
gcc -fPIE -DPIE -m64 -D_FORTIFY_SOURCE=2 -D_GNU_SOURCE -D_FILE_OFFSET_BITS=64 -D_LARGEFILE_SOURCE -Wstrict-prototypes -Wredundant-decls -Wall -Wundef -Wwrite-strings -Wmissing-prototypes -fno-strict-aliasing -fstack-protector-all -Wendif-labels -Wmissing-include-dirs -Wempty-body -Wnested-externs -Wformat-security -Wformat-y2k -Winit-self -Wignored-qualifiers -Wold-style-declaration -Wold-style-definition -Wtype-limits -D_GNU_SOURCE=1 -D_REENTRANT -I/usr/include/SDL -o /tmp/qemu-conf--18840-.exe /tmp/qemu-conf--18840-.c -Wl,-z,relro -Wl,-z,now -pie -m64 -rdynamic -lSDL
gcc -fPIE -DPIE -m64 -D_FORTIFY_SOURCE=2 -D_GNU_SOURCE -D_FILE_OFFSET_BITS=64 -D_LARGEFILE_SOURCE -Wstrict-prototypes -Wredundant-decls -Wall -Wundef -Wwrite-strings -Wmissing-prototypes -fno-strict-aliasing -fstack-protector-all -Wendif-labels -Wmissing-include-dirs -Wempty-body -Wnested-externs -Wformat-security -Wformat-y2k -Winit-self -Wignored-qualifiers -Wold-style-declaration -Wold-style-definition -Wtype-limits -I/usr/include/p11-kit-1 -o /tmp/qemu-conf--18840-.exe /tmp/qemu-conf--18840-.c -Wl,-z,relro -Wl,-z,now -pie -m64 -rdynamic -lgnutls
gcc -fPIE -DPIE -m64 -D_FORTIFY_SOURCE=2 -D_GNU_SOURCE -D_FILE_OFFSET_BITS=64 -D_LARGEFILE_SOURCE -Wstrict-prototypes -Wredundant-decls -Wall -Wundef -Wwrite-strings -Wmissing-prototypes -fno-strict-aliasing -fstack-protector-all -Wendif-labels -Wmissing-include-dirs -Wempty-body -Wnested-externs -Wformat-security -Wformat-y2k -Winit-self -Wignored-qualifiers -Wold-style-declaration -Wold-style-definition -Wtype-limits -o /tmp/qemu-conf--18840-.exe /tmp/qemu-conf--18840-.c -Wl,-z,relro -Wl,-z,now -pie -m64 -rdynamic -lsasl2
gcc -fPIE -DPIE -m64 -D_FORTIFY_SOURCE=2 -D_GNU_SOURCE -D_FILE_OFFSET_BITS=64 -D_LARGEFILE_SOURCE -Wstrict-prototypes -Wredundant-decls -Wall -Wundef -Wwrite-strings -Wmissing-prototypes -fno-strict-aliasing -fstack-protector-all -Wendif-labels -Wmissing-include-dirs -Wempty-body -Wnested-externs -Wformat-security -Wformat-y2k -Winit-self -Wignored-qualifiers -Wold-style-declaration -Wold-style-definition -Wtype-limits -o /tmp/qemu-conf--18840-.exe /tmp/qemu-conf--18840-.c -Wl,-z,relro -Wl,-z,now -pie -m64 -rdynamic -ljpeg
gcc -fPIE -DPIE -m64 -D_FORTIFY_SOURCE=2 -D_GNU_SOURCE -D_FILE_OFFSET_BITS=64 -D_LARGEFILE_SOURCE -Wstrict-prototypes -Wredundant-decls -Wall -Wundef -Wwrite-strings -Wmissing-prototypes -fno-strict-aliasing -fstack-protector-all -Wendif-labels -Wmissing-include-dirs -Wempty-body -Wnested-externs -Wformat-security -Wformat-y2k -Winit-self -Wignored-qualifiers -Wold-style-declaration -Wold-style-definition -Wtype-limits -I/usr/include/libpng12 -o /tmp/qemu-conf--18840-.exe /tmp/qemu-conf--18840-.c -Wl,-z,relro -Wl,-z,now -pie -m64 -rdynamic -lpng12
/tmp/qemu-conf--18840-.c: In function ‘main’:
/tmp/qemu-conf--18840-.c:5:17: warning: variable ‘png_ptr’ set but not used [-Wunused-but-set-variable]
     png_structp png_ptr;
                 ^
gcc -fPIE -DPIE -m64 -D_FORTIFY_SOURCE=2 -D_GNU_SOURCE -D_FILE_OFFSET_BITS=64 -D_LARGEFILE_SOURCE -Wstrict-prototypes -Wredundant-decls -Wall -Wundef -Wwrite-strings -Wmissing-prototypes -fno-strict-aliasing -fstack-protector-all -Wendif-labels -Wmissing-include-dirs -Wempty-body -Wnested-externs -Wformat-security -Wformat-y2k -Winit-self -Wignored-qualifiers -Wold-style-declaration -Wold-style-definition -Wtype-limits -I/usr/include/libpng12 -o /tmp/qemu-conf--18840-.exe /tmp/qemu-conf--18840-.c -Wl,-z,relro -Wl,-z,now -pie -m64 -rdynamic
gcc -fPIE -DPIE -m64 -D_FORTIFY_SOURCE=2 -D_GNU_SOURCE -D_FILE_OFFSET_BITS=64 -D_LARGEFILE_SOURCE -Wstrict-prototypes -Wredundant-decls -Wall -Wundef -Wwrite-strings -Wmissing-prototypes -fno-strict-aliasing -fstack-protector-all -Wendif-labels -Wmissing-include-dirs -Wempty-body -Wnested-externs -Wformat-security -Wformat-y2k -Winit-self -Wignored-qualifiers -Wold-style-declaration -Wold-style-definition -Wtype-limits -I/usr/include/libpng12 -o /tmp/qemu-conf--18840-.exe /tmp/qemu-conf--18840-.c -Wl,-z,relro -Wl,-z,now -pie -m64 -rdynamic -luuid
gcc -fPIE -DPIE -m64 -D_FORTIFY_SOURCE=2 -D_GNU_SOURCE -D_FILE_OFFSET_BITS=64 -D_LARGEFILE_SOURCE -Wstrict-prototypes -Wredundant-decls -Wall -Wundef -Wwrite-strings -Wmissing-prototypes -fno-strict-aliasing -fstack-protector-all -Wendif-labels -Wmissing-include-dirs -Wempty-body -Wnested-externs -Wformat-security -Wformat-y2k -Winit-self -Wignored-qualifiers -Wold-style-declaration -Wold-style-definition -Wtype-limits -I/usr/include/libpng12 -o /tmp/qemu-conf--18840-.exe /tmp/qemu-conf--18840-.c -Wl,-z,relro -Wl,-z,now -pie -m64 -rdynamic
gcc -fPIE -DPIE -m64 -D_FORTIFY_SOURCE=2 -D_GNU_SOURCE -D_FILE_OFFSET_BITS=64 -D_LARGEFILE_SOURCE -Wstrict-prototypes -Wredundant-decls -Wall -Wundef -Wwrite-strings -Wmissing-prototypes -fno-strict-aliasing -fstack-protector-all -Wendif-labels -Wmissing-include-dirs -Wempty-body -Wnested-externs -Wformat-security -Wformat-y2k -Winit-self -Wignored-qualifiers -Wold-style-declaration -Wold-style-definition -Wtype-limits -I/usr/include/libpng12 -o /tmp/qemu-conf--18840-.exe /tmp/qemu-conf--18840-.c -Wl,-z,relro -Wl,-z,now -pie -m64 -rdynamic -lvdeplug
/tmp/qemu-conf--18840-.c:1:24: fatal error: libvdeplug.h: No such file or directory
 #include <libvdeplug.h>
                        ^
compilation terminated.
gcc -fPIE -DPIE -m64 -D_FORTIFY_SOURCE=2 -D_GNU_SOURCE -D_FILE_OFFSET_BITS=64 -D_LARGEFILE_SOURCE -Wstrict-prototypes -Wredundant-decls -Wall -Wundef -Wwrite-strings -Wmissing-prototypes -fno-strict-aliasing -fstack-protector-all -Wendif-labels -Wmissing-include-dirs -Wempty-body -Wnested-externs -Wformat-security -Wformat-y2k -Winit-self -Wignored-qualifiers -Wold-style-declaration -Wold-style-definition -Wtype-limits -I/usr/include/libpng12 -o /tmp/qemu-conf--18840-.exe /tmp/qemu-conf--18840-.c -Wl,-z,relro -Wl,-z,now -pie -m64 -rdynamic -lbrlapi
gcc -fPIE -DPIE -m64 -D_FORTIFY_SOURCE=2 -D_GNU_SOURCE -D_FILE_OFFSET_BITS=64 -D_LARGEFILE_SOURCE -Wstrict-prototypes -Wredundant-decls -Wall -Wundef -Wwrite-strings -Wmissing-prototypes -fno-strict-aliasing -fstack-protector-all -Wendif-labels -Wmissing-include-dirs -Wempty-body -Wnested-externs -Wformat-security -Wformat-y2k -Winit-self -Wignored-qualifiers -Wold-style-declaration -Wold-style-definition -Wtype-limits -I/usr/include/libpng12 -o /tmp/qemu-conf--18840-.exe /tmp/qemu-conf--18840-.c -Wl,-z,relro -Wl,-z,now -pie -m64 -rdynamic -lncurses
/tmp/qemu-conf--18840-.c: In function ‘main’:
/tmp/qemu-conf--18840-.c:5:37: warning: return makes integer from pointer without a cast [enabled by default]
 int main(void) { resize_term(0, 0); return curses_version(); }
                                     ^
gcc -fPIE -DPIE -m64 -D_FORTIFY_SOURCE=2 -D_GNU_SOURCE -D_FILE_OFFSET_BITS=64 -D_LARGEFILE_SOURCE -Wstrict-prototypes -Wredundant-decls -Wall -Wundef -Wwrite-strings -Wmissing-prototypes -fno-strict-aliasing -fstack-protector-all -Wendif-labels -Wmissing-include-dirs -Wempty-body -Wnested-externs -Wformat-security -Wformat-y2k -Winit-self -Wignored-qualifiers -Wold-style-declaration -Wold-style-definition -Wtype-limits -I/usr/include/libpng12 -o /tmp/qemu-conf--18840-.exe /tmp/qemu-conf--18840-.c -Wl,-z,relro -Wl,-z,now -pie -m64 -rdynamic -lcurl
gcc -fPIE -DPIE -m64 -D_FORTIFY_SOURCE=2 -D_GNU_SOURCE -D_FILE_OFFSET_BITS=64 -D_LARGEFILE_SOURCE -Wstrict-prototypes -Wredundant-decls -Wall -Wundef -Wwrite-strings -Wmissing-prototypes -fno-strict-aliasing -fstack-protector-all -Wendif-labels -Wmissing-include-dirs -Wempty-body -Wnested-externs -Wformat-security -Wformat-y2k -Winit-self -Wignored-qualifiers -Wold-style-declaration -Wold-style-definition -Wtype-limits -I/usr/include/libpng12 -o /tmp/qemu-conf--18840-.exe /tmp/qemu-conf--18840-.c -Wl,-z,relro -Wl,-z,now -pie -m64 -rdynamic
/tmp/qemu-conf--18840-.c:1:19: fatal error: check.h: No such file or directory
 #include <check.h>
                   ^
compilation terminated.
gcc -fPIE -DPIE -m64 -D_FORTIFY_SOURCE=2 -D_GNU_SOURCE -D_FILE_OFFSET_BITS=64 -D_LARGEFILE_SOURCE -Wstrict-prototypes -Wredundant-decls -Wall -Wundef -Wwrite-strings -Wmissing-prototypes -fno-strict-aliasing -fstack-protector-all -Wendif-labels -Wmissing-include-dirs -Wempty-body -Wnested-externs -Wformat-security -Wformat-y2k -Winit-self -Wignored-qualifiers -Wold-style-declaration -Wold-style-definition -Wtype-limits -I/usr/include/libpng12 -o /tmp/qemu-conf--18840-.exe /tmp/qemu-conf--18840-.c -Wl,-z,relro -Wl,-z,now -pie -m64 -rdynamic -lbluetooth
gcc -fPIE -DPIE -m64 -D_FORTIFY_SOURCE=2 -D_GNU_SOURCE -D_FILE_OFFSET_BITS=64 -D_LARGEFILE_SOURCE -Wstrict-prototypes -Wredundant-decls -Wall -Wundef -Wwrite-strings -Wmissing-prototypes -fno-strict-aliasing -fstack-protector-all -Wendif-labels -Wmissing-include-dirs -Wempty-body -Wnested-externs -Wformat-security -Wformat-y2k -Winit-self -Wignored-qualifiers -Wold-style-declaration -Wold-style-definition -Wtype-limits -I/usr/include/libpng12 -o /tmp/qemu-conf--18840-.exe /tmp/qemu-conf--18840-.c -Wl,-z,relro -Wl,-z,now -pie -m64 -rdynamic
/tmp/qemu-conf--18840-.c: In function ‘main’:
/tmp/qemu-conf--18840-.c:2:1: warning: null argument where non-null required (argument 1) [-Wnonnull]
 int main(void) { pthread_create(0,0,0,0); return 0; }
 ^
/tmp/qemu-conf--18840-.c:2:1: warning: null argument where non-null required (argument 3) [-Wnonnull]
/tmp/ccJ3QOPx.o: In function `main':
qemu-conf--18840-.c:(.text+0x2d): undefined reference to `pthread_create'
collect2: error: ld returned 1 exit status
gcc -fPIE -DPIE -m64 -D_FORTIFY_SOURCE=2 -D_GNU_SOURCE -D_FILE_OFFSET_BITS=64 -D_LARGEFILE_SOURCE -Wstrict-prototypes -Wredundant-decls -Wall -Wundef -Wwrite-strings -Wmissing-prototypes -fno-strict-aliasing -fstack-protector-all -Wendif-labels -Wmissing-include-dirs -Wempty-body -Wnested-externs -Wformat-security -Wformat-y2k -Winit-self -Wignored-qualifiers -Wold-style-declaration -Wold-style-definition -Wtype-limits -I/usr/include/libpng12 -o /tmp/qemu-conf--18840-.exe /tmp/qemu-conf--18840-.c -Wl,-z,relro -Wl,-z,now -pie -m64 -rdynamic -pthread
/tmp/qemu-conf--18840-.c: In function ‘main’:
/tmp/qemu-conf--18840-.c:2:1: warning: null argument where non-null required (argument 1) [-Wnonnull]
 int main(void) { pthread_create(0,0,0,0); return 0; }
 ^
/tmp/qemu-conf--18840-.c:2:1: warning: null argument where non-null required (argument 3) [-Wnonnull]
gcc -fPIE -DPIE -m64 -D_FORTIFY_SOURCE=2 -D_GNU_SOURCE -D_FILE_OFFSET_BITS=64 -D_LARGEFILE_SOURCE -Wstrict-prototypes -Wredundant-decls -Wall -Wundef -Wwrite-strings -Wmissing-prototypes -fno-strict-aliasing -fstack-protector-all -Wendif-labels -Wmissing-include-dirs -Wempty-body -Wnested-externs -Wformat-security -Wformat-y2k -Winit-self -Wignored-qualifiers -Wold-style-declaration -Wold-style-definition -Wtype-limits -I/usr/include/libpng12 -o /tmp/qemu-conf--18840-.exe /tmp/qemu-conf--18840-.c -Wl,-z,relro -Wl,-z,now -pie -m64 -rdynamic -lrbd -lrados
gcc -fPIE -DPIE -m64 -D_FORTIFY_SOURCE=2 -D_GNU_SOURCE -D_FILE_OFFSET_BITS=64 -D_LARGEFILE_SOURCE -Wstrict-prototypes -Wredundant-decls -Wall -Wundef -Wwrite-strings -Wmissing-prototypes -fno-strict-aliasing -fstack-protector-all -Wendif-labels -Wmissing-include-dirs -Wempty-body -Wnested-externs -Wformat-security -Wformat-y2k -Winit-self -Wignored-qualifiers -Wold-style-declaration -Wold-style-definition -Wtype-limits -I/usr/include/libpng12 -o /tmp/qemu-conf--18840-.exe /tmp/qemu-conf--18840-.c -Wl,-z,relro -Wl,-z,now -pie -m64 -rdynamic -laio
gcc -fPIE -DPIE -m64 -D_FORTIFY_SOURCE=2 -D_GNU_SOURCE -D_FILE_OFFSET_BITS=64 -D_LARGEFILE_SOURCE -Wstrict-prototypes -Wredundant-decls -Wall -Wundef -Wwrite-strings -Wmissing-prototypes -fno-strict-aliasing -fstack-protector-all -Wendif-labels -Wmissing-include-dirs -Wempty-body -Wnested-externs -Wformat-security -Wformat-y2k -Winit-self -Wignored-qualifiers -Wold-style-declaration -Wold-style-definition -Wtype-limits -I/usr/include/libpng12 -o /tmp/qemu-conf--18840-.exe /tmp/qemu-conf--18840-.c -Wl,-z,relro -Wl,-z,now -pie -m64 -rdynamic
gcc -fPIE -DPIE -m64 -D_FORTIFY_SOURCE=2 -D_GNU_SOURCE -D_FILE_OFFSET_BITS=64 -D_LARGEFILE_SOURCE -Wstrict-prototypes -Wredundant-decls -Wall -Wundef -Wwrite-strings -Wmissing-prototypes -fno-strict-aliasing -fstack-protector-all -Wendif-labels -Wmissing-include-dirs -Wempty-body -Wnested-externs -Wformat-security -Wformat-y2k -Winit-self -Wignored-qualifiers -Wold-style-declaration -Wold-style-definition -Wtype-limits -I/usr/include/libpng12 -o /tmp/qemu-conf--18840-.exe /tmp/qemu-conf--18840-.c -Wl,-z,relro -Wl,-z,now -pie -m64 -rdynamic
/tmp/qemu-conf--18840-.c: In function ‘main’:
/tmp/qemu-conf--18840-.c:4:31: warning: unused variable ‘iov’ [-Wunused-variable]
 int main(void) { struct iovec iov; return 0; }
                               ^
gcc -fPIE -DPIE -m64 -D_FORTIFY_SOURCE=2 -D_GNU_SOURCE -D_FILE_OFFSET_BITS=64 -D_LARGEFILE_SOURCE -Wstrict-prototypes -Wredundant-decls -Wall -Wundef -Wwrite-strings -Wmissing-prototypes -fno-strict-aliasing -fstack-protector-all -Wendif-labels -Wmissing-include-dirs -Wempty-body -Wnested-externs -Wformat-security -Wformat-y2k -Winit-self -Wignored-qualifiers -Wold-style-declaration -Wold-style-definition -Wtype-limits -I/usr/include/libpng12 -o /tmp/qemu-conf--18840-.exe /tmp/qemu-conf--18840-.c -Wl,-z,relro -Wl,-z,now -pie -m64 -rdynamic
/tmp/qemu-conf--18840-.c: In function ‘main’:
/tmp/qemu-conf--18840-.c:4:18: warning: statement with no effect [-Wunused-value]
 int main(void) { preadv; }
                  ^
/tmp/qemu-conf--18840-.c:4:1: warning: control reaches end of non-void function [-Wreturn-type]
 int main(void) { preadv; }
 ^
gcc -fPIE -DPIE -m64 -D_FORTIFY_SOURCE=2 -D_GNU_SOURCE -D_FILE_OFFSET_BITS=64 -D_LARGEFILE_SOURCE -Wstrict-prototypes -Wredundant-decls -Wall -Wundef -Wwrite-strings -Wmissing-prototypes -fno-strict-aliasing -fstack-protector-all -Wendif-labels -Wmissing-include-dirs -Wempty-body -Wnested-externs -Wformat-security -Wformat-y2k -Winit-self -Wignored-qualifiers -Wold-style-declaration -Wold-style-definition -Wtype-limits -I/usr/include/libpng12 -o /tmp/qemu-conf--18840-.exe /tmp/qemu-conf--18840-.c -Wl,-z,relro -Wl,-z,now -pie -m64 -rdynamic -lfdt
gcc -fPIE -DPIE -m64 -D_FORTIFY_SOURCE=2 -D_GNU_SOURCE -D_FILE_OFFSET_BITS=64 -D_LARGEFILE_SOURCE -Wstrict-prototypes -Wredundant-decls -Wall -Wundef -Wwrite-strings -Wmissing-prototypes -fno-strict-aliasing -fstack-protector-all -Wendif-labels -Wmissing-include-dirs -Wempty-body -Wnested-externs -Wformat-security -Wformat-y2k -Winit-self -Wignored-qualifiers -Wold-style-declaration -Wold-style-definition -Wtype-limits -I/usr/include/libpng12 -o /tmp/qemu-conf--18840-.exe /tmp/qemu-conf--18840-.c -Wl,-z,relro -Wl,-z,now -pie -m64 -rdynamic -lGL
gcc -fPIE -DPIE -m64 -D_FORTIFY_SOURCE=2 -D_GNU_SOURCE -D_FILE_OFFSET_BITS=64 -D_LARGEFILE_SOURCE -Wstrict-prototypes -Wredundant-decls -Wall -Wundef -Wwrite-strings -Wmissing-prototypes -fno-strict-aliasing -fstack-protector-all -Wendif-labels -Wmissing-include-dirs -Wempty-body -Wnested-externs -Wformat-security -Wformat-y2k -Winit-self -Wignored-qualifiers -Wold-style-declaration -Wold-style-definition -Wtype-limits -I/usr/include/libpng12 -o /tmp/qemu-conf--18840-.exe /tmp/qemu-conf--18840-.c -Wl,-z,relro -Wl,-z,now -pie -m64 -rdynamic
gcc -fPIE -DPIE -m64 -D_FORTIFY_SOURCE=2 -D_GNU_SOURCE -D_FILE_OFFSET_BITS=64 -D_LARGEFILE_SOURCE -Wstrict-prototypes -Wredundant-decls -Wall -Wundef -Wwrite-strings -Wmissing-prototypes -fno-strict-aliasing -fstack-protector-all -Wendif-labels -Wmissing-include-dirs -Wempty-body -Wnested-externs -Wformat-security -Wformat-y2k -Winit-self -Wignored-qualifiers -Wold-style-declaration -Wold-style-definition -Wtype-limits -I/usr/include/libpng12 -o /tmp/qemu-conf--18840-.exe /tmp/qemu-conf--18840-.c -Wl,-z,relro -Wl,-z,now -pie -m64 -rdynamic
gcc -fPIE -DPIE -m64 -D_FORTIFY_SOURCE=2 -D_GNU_SOURCE -D_FILE_OFFSET_BITS=64 -D_LARGEFILE_SOURCE -Wstrict-prototypes -Wredundant-decls -Wall -Wundef -Wwrite-strings -Wmissing-prototypes -fno-strict-aliasing -fstack-protector-all -Wendif-labels -Wmissing-include-dirs -Wempty-body -Wnested-externs -Wformat-security -Wformat-y2k -Winit-self -Wignored-qualifiers -Wold-style-declaration -Wold-style-definition -Wtype-limits -I/usr/include/libpng12 -o /tmp/qemu-conf--18840-.exe /tmp/qemu-conf--18840-.c -Wl,-z,relro -Wl,-z,now -pie -m64 -rdynamic
gcc -fPIE -DPIE -m64 -D_FORTIFY_SOURCE=2 -D_GNU_SOURCE -D_FILE_OFFSET_BITS=64 -D_LARGEFILE_SOURCE -Wstrict-prototypes -Wredundant-decls -Wall -Wundef -Wwrite-strings -Wmissing-prototypes -fno-strict-aliasing -fstack-protector-all -Wendif-labels -Wmissing-include-dirs -Wempty-body -Wnested-externs -Wformat-security -Wformat-y2k -Winit-self -Wignored-qualifiers -Wold-style-declaration -Wold-style-definition -Wtype-limits -I/usr/include/libpng12 -o /tmp/qemu-conf--18840-.exe /tmp/qemu-conf--18840-.c -Wl,-z,relro -Wl,-z,now -pie -m64 -rdynamic
/tmp/qemu-conf--18840-.c: In function ‘main’:
/tmp/qemu-conf--18840-.c:7:5: warning: implicit declaration of function ‘utimensat’ [-Wimplicit-function-declaration]
     utimensat(AT_FDCWD, "foo", NULL, 0);
     ^
/tmp/qemu-conf--18840-.c:7:5: warning: nested extern declaration of ‘utimensat’ [-Wnested-externs]
/tmp/qemu-conf--18840-.c:8:5: warning: implicit declaration of function ‘futimens’ [-Wimplicit-function-declaration]
     futimens(0, NULL);
     ^
/tmp/qemu-conf--18840-.c:8:5: warning: nested extern declaration of ‘futimens’ [-Wnested-externs]
gcc -fPIE -DPIE -m64 -D_FORTIFY_SOURCE=2 -D_GNU_SOURCE -D_FILE_OFFSET_BITS=64 -D_LARGEFILE_SOURCE -Wstrict-prototypes -Wredundant-decls -Wall -Wundef -Wwrite-strings -Wmissing-prototypes -fno-strict-aliasing -fstack-protector-all -Wendif-labels -Wmissing-include-dirs -Wempty-body -Wnested-externs -Wformat-security -Wformat-y2k -Winit-self -Wignored-qualifiers -Wold-style-declaration -Wold-style-definition -Wtype-limits -I/usr/include/libpng12 -o /tmp/qemu-conf--18840-.exe /tmp/qemu-conf--18840-.c -Wl,-z,relro -Wl,-z,now -pie -m64 -rdynamic
gcc -fPIE -DPIE -m64 -D_FORTIFY_SOURCE=2 -D_GNU_SOURCE -D_FILE_OFFSET_BITS=64 -D_LARGEFILE_SOURCE -Wstrict-prototypes -Wredundant-decls -Wall -Wundef -Wwrite-strings -Wmissing-prototypes -fno-strict-aliasing -fstack-protector-all -Wendif-labels -Wmissing-include-dirs -Wempty-body -Wnested-externs -Wformat-security -Wformat-y2k -Winit-self -Wignored-qualifiers -Wold-style-declaration -Wold-style-definition -Wtype-limits -I/usr/include/libpng12 -o /tmp/qemu-conf--18840-.exe /tmp/qemu-conf--18840-.c -Wl,-z,relro -Wl,-z,now -pie -m64 -rdynamic
gcc -fPIE -DPIE -m64 -D_FORTIFY_SOURCE=2 -D_GNU_SOURCE -D_FILE_OFFSET_BITS=64 -D_LARGEFILE_SOURCE -Wstrict-prototypes -Wredundant-decls -Wall -Wundef -Wwrite-strings -Wmissing-prototypes -fno-strict-aliasing -fstack-protector-all -Wendif-labels -Wmissing-include-dirs -Wempty-body -Wnested-externs -Wformat-security -Wformat-y2k -Winit-self -Wignored-qualifiers -Wold-style-declaration -Wold-style-definition -Wtype-limits -I/usr/include/libpng12 -o /tmp/qemu-conf--18840-.exe /tmp/qemu-conf--18840-.c -Wl,-z,relro -Wl,-z,now -pie -m64 -rdynamic
/tmp/qemu-conf--18840-.c: In function ‘main’:
/tmp/qemu-conf--18840-.c:9:11: warning: ‘fd’ is used uninitialized in this function [-Wuninitialized]
     splice(STDIN_FILENO, NULL, fd, NULL, len, SPLICE_F_MOVE);
           ^
gcc -fPIE -DPIE -m64 -D_FORTIFY_SOURCE=2 -D_GNU_SOURCE -D_FILE_OFFSET_BITS=64 -D_LARGEFILE_SOURCE -Wstrict-prototypes -Wredundant-decls -Wall -Wundef -Wwrite-strings -Wmissing-prototypes -fno-strict-aliasing -fstack-protector-all -Wendif-labels -Wmissing-include-dirs -Wempty-body -Wnested-externs -Wformat-security -Wformat-y2k -Winit-self -Wignored-qualifiers -Wold-style-declaration -Wold-style-definition -Wtype-limits -I/usr/include/libpng12 -o /tmp/qemu-conf--18840-.exe /tmp/qemu-conf--18840-.c -Wl,-z,relro -Wl,-z,now -pie -m64 -rdynamic
/tmp/qemu-conf--18840-.c:1:0: warning: "_GNU_SOURCE" redefined [enabled by default]
 #define _GNU_SOURCE
 ^
<command-line>:0:0: note: this is the location of the previous definition
gcc -fPIE -DPIE -m64 -D_FORTIFY_SOURCE=2 -D_GNU_SOURCE -D_FILE_OFFSET_BITS=64 -D_LARGEFILE_SOURCE -Wstrict-prototypes -Wredundant-decls -Wall -Wundef -Wwrite-strings -Wmissing-prototypes -fno-strict-aliasing -fstack-protector-all -Wendif-labels -Wmissing-include-dirs -Wempty-body -Wnested-externs -Wformat-security -Wformat-y2k -Winit-self -Wignored-qualifiers -Wold-style-declaration -Wold-style-definition -Wtype-limits -I/usr/include/libpng12 -o /tmp/qemu-conf--18840-.exe /tmp/qemu-conf--18840-.c -Wl,-z,relro -Wl,-z,now -pie -m64 -rdynamic
/tmp/qemu-conf--18840-.c: In function ‘main’:
/tmp/qemu-conf--18840-.c:5:9: warning: unused variable ‘efd’ [-Wunused-variable]
     int efd = eventfd(0, EFD_NONBLOCK | EFD_CLOEXEC);
         ^
gcc -fPIE -DPIE -m64 -D_FORTIFY_SOURCE=2 -D_GNU_SOURCE -D_FILE_OFFSET_BITS=64 -D_LARGEFILE_SOURCE -Wstrict-prototypes -Wredundant-decls -Wall -Wundef -Wwrite-strings -Wmissing-prototypes -fno-strict-aliasing -fstack-protector-all -Wendif-labels -Wmissing-include-dirs -Wempty-body -Wnested-externs -Wformat-security -Wformat-y2k -Winit-self -Wignored-qualifiers -Wold-style-declaration -Wold-style-definition -Wtype-limits -I/usr/include/libpng12 -o /tmp/qemu-conf--18840-.exe /tmp/qemu-conf--18840-.c -Wl,-z,relro -Wl,-z,now -pie -m64 -rdynamic
gcc -fPIE -DPIE -m64 -D_FORTIFY_SOURCE=2 -D_GNU_SOURCE -D_FILE_OFFSET_BITS=64 -D_LARGEFILE_SOURCE -Wstrict-prototypes -Wredundant-decls -Wall -Wundef -Wwrite-strings -Wmissing-prototypes -fno-strict-aliasing -fstack-protector-all -Wendif-labels -Wmissing-include-dirs -Wempty-body -Wnested-externs -Wformat-security -Wformat-y2k -Winit-self -Wignored-qualifiers -Wold-style-declaration -Wold-style-definition -Wtype-limits -I/usr/include/libpng12 -o /tmp/qemu-conf--18840-.exe /tmp/qemu-conf--18840-.c -Wl,-z,relro -Wl,-z,now -pie -m64 -rdynamic
gcc -fPIE -DPIE -m64 -D_FORTIFY_SOURCE=2 -D_GNU_SOURCE -D_FILE_OFFSET_BITS=64 -D_LARGEFILE_SOURCE -Wstrict-prototypes -Wredundant-decls -Wall -Wundef -Wwrite-strings -Wmissing-prototypes -fno-strict-aliasing -fstack-protector-all -Wendif-labels -Wmissing-include-dirs -Wempty-body -Wnested-externs -Wformat-security -Wformat-y2k -Winit-self -Wignored-qualifiers -Wold-style-declaration -Wold-style-definition -Wtype-limits -I/usr/include/libpng12 -o /tmp/qemu-conf--18840-.exe /tmp/qemu-conf--18840-.c -Wl,-z,relro -Wl,-z,now -pie -m64 -rdynamic
gcc -fPIE -DPIE -m64 -D_FORTIFY_SOURCE=2 -D_GNU_SOURCE -D_FILE_OFFSET_BITS=64 -D_LARGEFILE_SOURCE -Wstrict-prototypes -Wredundant-decls -Wall -Wundef -Wwrite-strings -Wmissing-prototypes -fno-strict-aliasing -fstack-protector-all -Wendif-labels -Wmissing-include-dirs -Wempty-body -Wnested-externs -Wformat-security -Wformat-y2k -Winit-self -Wignored-qualifiers -Wold-style-declaration -Wold-style-definition -Wtype-limits -I/usr/include/libpng12 -o /tmp/qemu-conf--18840-.exe /tmp/qemu-conf--18840-.c -Wl,-z,relro -Wl,-z,now -pie -m64 -rdynamic
gcc -fPIE -DPIE -m64 -D_FORTIFY_SOURCE=2 -D_GNU_SOURCE -D_FILE_OFFSET_BITS=64 -D_LARGEFILE_SOURCE -Wstrict-prototypes -Wredundant-decls -Wall -Wundef -Wwrite-strings -Wmissing-prototypes -fno-strict-aliasing -fstack-protector-all -Wendif-labels -Wmissing-include-dirs -Wempty-body -Wnested-externs -Wformat-security -Wformat-y2k -Winit-self -Wignored-qualifiers -Wold-style-declaration -Wold-style-definition -Wtype-limits -I/usr/include/libpng12 -o /tmp/qemu-conf--18840-.exe /tmp/qemu-conf--18840-.c -Wl,-z,relro -Wl,-z,now -pie -m64 -rdynamic
gcc -fPIE -DPIE -m64 -D_FORTIFY_SOURCE=2 -D_GNU_SOURCE -D_FILE_OFFSET_BITS=64 -D_LARGEFILE_SOURCE -Wstrict-prototypes -Wredundant-decls -Wall -Wundef -Wwrite-strings -Wmissing-prototypes -fno-strict-aliasing -fstack-protector-all -Wendif-labels -Wmissing-include-dirs -Wempty-body -Wnested-externs -Wformat-security -Wformat-y2k -Winit-self -Wignored-qualifiers -Wold-style-declaration -Wold-style-definition -Wtype-limits -I/usr/include/libpng12 -o /tmp/qemu-conf--18840-.exe /tmp/qemu-conf--18840-.c -Wl,-z,relro -Wl,-z,now -pie -m64 -rdynamic
/tmp/qemu-conf--18840-.c: In function ‘main’:
/tmp/qemu-conf--18840-.c:13:5: warning: statement with no effect [-Wunused-value]
     epoll_create1;
     ^
gcc -fPIE -DPIE -m64 -D_FORTIFY_SOURCE=2 -D_GNU_SOURCE -D_FILE_OFFSET_BITS=64 -D_LARGEFILE_SOURCE -Wstrict-prototypes -Wredundant-decls -Wall -Wundef -Wwrite-strings -Wmissing-prototypes -fno-strict-aliasing -fstack-protector-all -Wendif-labels -Wmissing-include-dirs -Wempty-body -Wnested-externs -Wformat-security -Wformat-y2k -Winit-self -Wignored-qualifiers -Wold-style-declaration -Wold-style-definition -Wtype-limits -I/usr/include/libpng12 -o /tmp/qemu-conf--18840-.exe /tmp/qemu-conf--18840-.c -Wl,-z,relro -Wl,-z,now -pie -m64 -rdynamic
gcc -fPIE -DPIE -m64 -D_FORTIFY_SOURCE=2 -D_GNU_SOURCE -D_FILE_OFFSET_BITS=64 -D_LARGEFILE_SOURCE -Wstrict-prototypes -Wredundant-decls -Wall -Wundef -Wwrite-strings -Wmissing-prototypes -fno-strict-aliasing -fstack-protector-all -Wendif-labels -Wmissing-include-dirs -Wempty-body -Wnested-externs -Wformat-security -Wformat-y2k -Winit-self -Wignored-qualifiers -Wold-style-declaration -Wold-style-definition -Wtype-limits -I/usr/include/libpng12 -o /tmp/qemu-conf--18840-.exe /tmp/qemu-conf--18840-.c -Wl,-z,relro -Wl,-z,now -pie -m64 -rdynamic
gcc -fPIE -DPIE -m64 -D_FORTIFY_SOURCE=2 -D_GNU_SOURCE -D_FILE_OFFSET_BITS=64 -D_LARGEFILE_SOURCE -Wstrict-prototypes -Wredundant-decls -Wall -Wundef -Wwrite-strings -Wmissing-prototypes -fno-strict-aliasing -fstack-protector-all -Wendif-labels -Wmissing-include-dirs -Wempty-body -Wnested-externs -Wformat-security -Wformat-y2k -Winit-self -Wignored-qualifiers -Wold-style-declaration -Wold-style-definition -Wtype-limits -I/usr/include/libpng12 -o /tmp/qemu-conf--18840-.exe /tmp/qemu-conf--18840-.c -Wl,-z,relro -Wl,-z,now -pie -m64 -rdynamic
/tmp/qemu-conf--18840-.c:1:24: fatal error: sys/endian.h: No such file or directory
 #include <sys/endian.h>
                        ^
compilation terminated.
gcc -fPIE -DPIE -m64 -D_FORTIFY_SOURCE=2 -D_GNU_SOURCE -D_FILE_OFFSET_BITS=64 -D_LARGEFILE_SOURCE -Wstrict-prototypes -Wredundant-decls -Wall -Wundef -Wwrite-strings -Wmissing-prototypes -fno-strict-aliasing -fstack-protector-all -Wendif-labels -Wmissing-include-dirs -Wempty-body -Wnested-externs -Wformat-security -Wformat-y2k -Winit-self -Wignored-qualifiers -Wold-style-declaration -Wold-style-definition -Wtype-limits -I/usr/include/libpng12 -Werror -o /tmp/qemu-conf--18840-.exe /tmp/qemu-conf--18840-.c -Wl,-z,relro -Wl,-z,now -pie -m64 -rdynamic -liscsi
/tmp/qemu-conf--18840-.c:1:25: fatal error: iscsi/iscsi.h: No such file or directory
 #include <iscsi/iscsi.h>
                         ^
compilation terminated.
gcc -fPIE -DPIE -m64 -D_FORTIFY_SOURCE=2 -D_GNU_SOURCE -D_FILE_OFFSET_BITS=64 -D_LARGEFILE_SOURCE -Wstrict-prototypes -Wredundant-decls -Wall -Wundef -Wwrite-strings -Wmissing-prototypes -fno-strict-aliasing -fstack-protector-all -Wendif-labels -Wmissing-include-dirs -Wempty-body -Wnested-externs -Wformat-security -Wformat-y2k -Winit-self -Wignored-qualifiers -Wold-style-declaration -Wold-style-definition -Wtype-limits -I/usr/include/libpng12 -o /tmp/qemu-conf--18840-.exe /tmp/qemu-conf--18840-.c -Wl,-z,relro -Wl,-z,now -pie -m64 -rdynamic
/tmp/qemu-conf--18840-.c: In function ‘main’:
/tmp/qemu-conf--18840-.c:3:32: warning: ‘id’ is used uninitialized in this function [-Wuninitialized]
 int main(void) { clockid_t id; return clock_gettime(id, NULL); }
                                ^
/tmp/qemu-conf--18840-.c:3:28: note: ‘id’ was declared here
 int main(void) { clockid_t id; return clock_gettime(id, NULL); }
                            ^
gcc -fPIE -DPIE -m64 -D_FORTIFY_SOURCE=2 -D_GNU_SOURCE -D_FILE_OFFSET_BITS=64 -D_LARGEFILE_SOURCE -Wstrict-prototypes -Wredundant-decls -Wall -Wundef -Wwrite-strings -Wmissing-prototypes -fno-strict-aliasing -fstack-protector-all -Wendif-labels -Wmissing-include-dirs -Wempty-body -Wnested-externs -Wformat-security -Wformat-y2k -Winit-self -Wignored-qualifiers -Wold-style-declaration -Wold-style-definition -Wtype-limits -I/usr/include/libpng12 -o /tmp/qemu-conf--18840-.exe /tmp/qemu-conf--18840-.c -Wl,-z,relro -Wl,-z,now -pie -m64 -rdynamic
gcc -fPIE -DPIE -m64 -D_FORTIFY_SOURCE=2 -D_GNU_SOURCE -D_FILE_OFFSET_BITS=64 -D_LARGEFILE_SOURCE -Wstrict-prototypes -Wredundant-decls -Wall -Wundef -Wwrite-strings -Wmissing-prototypes -fno-strict-aliasing -fstack-protector-all -Wendif-labels -Wmissing-include-dirs -Wempty-body -Wnested-externs -Wformat-security -Wformat-y2k -Winit-self -Wignored-qualifiers -Wold-style-declaration -Wold-style-definition -Wtype-limits -I/usr/include/libpng12 -I/usr/include/spice-server -I/usr/include/glib-2.0 -I/usr/lib/x86_64-linux-gnu/glib-2.0/include -I/usr/include/pixman-1 -I/usr/include/spice-1 -o /tmp/qemu-conf--18840-.exe /tmp/qemu-conf--18840-.c -Wl,-z,relro -Wl,-z,now -pie -m64 -rdynamic -lspice-server
gcc -fPIE -DPIE -m64 -D_FORTIFY_SOURCE=2 -D_GNU_SOURCE -D_FILE_OFFSET_BITS=64 -D_LARGEFILE_SOURCE -Wstrict-prototypes -Wredundant-decls -Wall -Wundef -Wwrite-strings -Wmissing-prototypes -fno-strict-aliasing -fstack-protector-all -Wendif-labels -Wmissing-include-dirs -Wempty-body -Wnested-externs -Wformat-security -Wformat-y2k -Winit-self -Wignored-qualifiers -Wold-style-declaration -Wold-style-definition -Wtype-limits -I/usr/include/libpng12 -I/usr/include/spice-server -I/usr/include/glib-2.0 -I/usr/lib/x86_64-linux-gnu/glib-2.0/include -I/usr/include/pixman-1 -I/usr/include/spice-1 -I$(SRC_PATH)/libcacard -I/usr/include/nss -I/usr/include/nspr -o /tmp/qemu-conf--18840-.exe /tmp/qemu-conf--18840-.c -Wl,-z,relro -Wl,-z,now -pie -m64 -rdynamic
cc1: warning: $(SRC_PATH)/libcacard: No such file or directory [enabled by default]
gcc -fPIE -DPIE -m64 -D_FORTIFY_SOURCE=2 -D_GNU_SOURCE -D_FILE_OFFSET_BITS=64 -D_LARGEFILE_SOURCE -Wstrict-prototypes -Wredundant-decls -Wall -Wundef -Wwrite-strings -Wmissing-prototypes -fno-strict-aliasing -fstack-protector-all -Wendif-labels -Wmissing-include-dirs -Wempty-body -Wnested-externs -Wformat-security -Wformat-y2k -Winit-self -Wignored-qualifiers -Wold-style-declaration -Wold-style-definition -Wtype-limits -I/usr/include/libpng12 -I/usr/include/spice-server -I/usr/include/glib-2.0 -I/usr/lib/x86_64-linux-gnu/glib-2.0/include -I/usr/include/pixman-1 -I/usr/include/spice-1 -I$(SRC_PATH)/libcacard -I/usr/include/nss -I/usr/include/nspr -o /tmp/qemu-conf--18840-.exe /tmp/qemu-conf--18840-.c -Wl,-z,relro -Wl,-z,now -pie -m64 -rdynamic
cc1: warning: $(SRC_PATH)/libcacard: No such file or directory [enabled by default]
gcc -fPIE -DPIE -m64 -D_FORTIFY_SOURCE=2 -D_GNU_SOURCE -D_FILE_OFFSET_BITS=64 -D_LARGEFILE_SOURCE -Wstrict-prototypes -Wredundant-decls -Wall -Wundef -Wwrite-strings -Wmissing-prototypes -fno-strict-aliasing -fstack-protector-all -Wendif-labels -Wmissing-include-dirs -Wempty-body -Wnested-externs -Wformat-security -Wformat-y2k -Winit-self -Wignored-qualifiers -Wold-style-declaration -Wold-style-definition -Wtype-limits -I/usr/include/libpng12 -I/usr/include/spice-server -I/usr/include/glib-2.0 -I/usr/lib/x86_64-linux-gnu/glib-2.0/include -I/usr/include/pixman-1 -I/usr/include/spice-1 -I$(SRC_PATH)/libcacard -I/usr/include/nss -I/usr/include/nspr -o /tmp/qemu-conf--18840-.exe /tmp/qemu-conf--18840-.c -Wl,-z,relro -Wl,-z,now -pie -m64 -rdynamic
cc1: warning: $(SRC_PATH)/libcacard: No such file or directory [enabled by default]
gcc -fPIE -DPIE -m64 -D_FORTIFY_SOURCE=2 -D_GNU_SOURCE -D_FILE_OFFSET_BITS=64 -D_LARGEFILE_SOURCE -Wstrict-prototypes -Wredundant-decls -Wall -Wundef -Wwrite-strings -Wmissing-prototypes -fno-strict-aliasing -fstack-protector-all -Wendif-labels -Wmissing-include-dirs -Wempty-body -Wnested-externs -Wformat-security -Wformat-y2k -Winit-self -Wignored-qualifiers -Wold-style-declaration -Wold-style-definition -Wtype-limits -I/usr/include/libpng12 -I/usr/include/spice-server -I/usr/include/glib-2.0 -I/usr/lib/x86_64-linux-gnu/glib-2.0/include -I/usr/include/pixman-1 -I/usr/include/spice-1 -I$(SRC_PATH)/libcacard -I/usr/include/nss -I/usr/include/nspr -o /tmp/qemu-conf--18840-.exe /tmp/qemu-conf--18840-.c -Wl,-z,relro -Wl,-z,now -pie -m64 -rdynamic
cc1: warning: $(SRC_PATH)/libcacard: No such file or directory [enabled by default]
/tmp/qemu-conf--18840-.c: In function ‘main’:
/tmp/qemu-conf--18840-.c:2:1: warning: control reaches end of non-void function [-Wreturn-type]
 int main(void) { makecontext(0, 0, 0); }
 ^
gcc -fPIE -DPIE -m64 -D_FORTIFY_SOURCE=2 -D_GNU_SOURCE -D_FILE_OFFSET_BITS=64 -D_LARGEFILE_SOURCE -Wstrict-prototypes -Wredundant-decls -Wall -Wundef -Wwrite-strings -Wmissing-prototypes -fno-strict-aliasing -fstack-protector-all -Wendif-labels -Wmissing-include-dirs -Wempty-body -Wnested-externs -Wformat-security -Wformat-y2k -Winit-self -Wignored-qualifiers -Wold-style-declaration -Wold-style-definition -Wtype-limits -I/usr/include/libpng12 -I/usr/include/spice-server -I/usr/include/glib-2.0 -I/usr/lib/x86_64-linux-gnu/glib-2.0/include -I/usr/include/pixman-1 -I/usr/include/spice-1 -I$(SRC_PATH)/libcacard -I/usr/include/nss -I/usr/include/nspr -o /tmp/qemu-conf--18840-.exe /tmp/qemu-conf--18840-.c -Wl,-z,relro -Wl,-z,now -pie -m64 -rdynamic
cc1: warning: $(SRC_PATH)/libcacard: No such file or directory [enabled by default]
/tmp/qemu-conf--18840-.c: In function ‘main’:
/tmp/qemu-conf--18840-.c:2:25: warning: control reaches end of non-void function [-Wreturn-type]
 int main(void) { struct file_handle fh; open_by_handle_at(0, &fh, 0); }
                         ^
gcc -fPIE -DPIE -m64 -D_FORTIFY_SOURCE=2 -D_GNU_SOURCE -D_FILE_OFFSET_BITS=64 -D_LARGEFILE_SOURCE -Wstrict-prototypes -Wredundant-decls -Wall -Wundef -Wwrite-strings -Wmissing-prototypes -fno-strict-aliasing -fstack-protector-all -Wendif-labels -Wmissing-include-dirs -Wempty-body -Wnested-externs -Wformat-security -Wformat-y2k -Winit-self -Wignored-qualifiers -Wold-style-declaration -Wold-style-definition -Wtype-limits -I/usr/include/libpng12 -I/usr/include/spice-server -I/usr/include/glib-2.0 -I/usr/lib/x86_64-linux-gnu/glib-2.0/include -I/usr/include/pixman-1 -I/usr/include/spice-1 -I$(SRC_PATH)/libcacard -I/usr/include/nss -I/usr/include/nspr -o /tmp/qemu-conf--18840-.exe /tmp/qemu-conf--18840-.c -Wl,-z,relro -Wl,-z,now -pie -m64 -rdynamic
cc1: warning: $(SRC_PATH)/libcacard: No such file or directory [enabled by default]
/tmp/qemu-conf--18840-.c: In function ‘main’:
/tmp/qemu-conf--18840-.c:3:1: warning: control reaches end of non-void function [-Wreturn-type]
 }
 ^
